[debug] [2018-03-22T13:48:05.137Z] ----------------------------------------------------------------------
[debug] [2018-03-22T13:48:05.139Z] Command:       C:\Servers\nodejs\node.exe C:\Users\valentin.raduti\AppData\Roaming\npm\node_modules\firebase-tools\bin\firebase deploy
[debug] [2018-03-22T13:48:05.140Z] CLI Version:   3.17.7
[debug] [2018-03-22T13:48:05.140Z] Platform:      win32
[debug] [2018-03-22T13:48:05.140Z] Node Version:  v8.9.1
[debug] [2018-03-22T13:48:05.141Z] Time:          Thu Mar 22 2018 15:48:05 GMT+0200 (GTB Standard Time)
[debug] [2018-03-22T13:48:05.142Z] ----------------------------------------------------------------------
[debug] 
[debug] [2018-03-22T13:48:05.156Z] > command requires scopes: ["email","openid","https://www.googleapis.com/auth/cloudplatformprojects.readonly","https://www.googleapis.com/auth/firebase","https://www.googleapis.com/auth/cloud-platform"]
[debug] [2018-03-22T13:48:05.156Z] > authorizing via signed-in user
[debug] [2018-03-22T13:48:05.159Z] >>> HTTP REQUEST GET https://admin.firebase.com/v1/projects/deroude-f88af  
  
 Thu Mar 22 2018 15:48:05 GMT+0200 (GTB Standard Time)
[debug] [2018-03-22T13:48:06.191Z] <<< HTTP RESPONSE 200
[debug] [2018-03-22T13:48:06.193Z] >>> HTTP REQUEST GET https://admin.firebase.com/v1/database/deroude-f88af/tokens  
  
 Thu Mar 22 2018 15:48:06 GMT+0200 (GTB Standard Time)
[debug] [2018-03-22T13:48:06.946Z] <<< HTTP RESPONSE 200
[info] 
[info] === Deploying to 'deroude-f88af'...
[info] 
[info] i  deploying firestore, hosting
[info] i  firestore: checking firestore.rules for compilation errors...
[debug] [2018-03-22T13:48:07.797Z] >>> HTTP REQUEST POST https://firebaserules.googleapis.com/v1/projects/deroude-f88af:test  
 { source: { files: [ [Object] ] } } 
 Thu Mar 22 2018 15:48:07 GMT+0200 (GTB Standard Time)
[debug] [2018-03-22T13:48:08.663Z] <<< HTTP RESPONSE 200
[info] +  firestore: rules file firestore.rules compiled successfully
[info] i  firestore: uploading rules firestore.rules...
[debug] [2018-03-22T13:48:08.673Z] >>> HTTP REQUEST POST https://firebaserules.googleapis.com/v1/projects/deroude-f88af/rulesets  
 { source: { files: [ [Object] ] } } 
 Thu Mar 22 2018 15:48:08 GMT+0200 (GTB Standard Time)
[debug] [2018-03-22T13:48:08.674Z] >>> HTTP REQUEST GET https://firestore.googleapis.com/v1beta1/projects/deroude-f88af/databases/(default)/indexes  
  
 Thu Mar 22 2018 15:48:08 GMT+0200 (GTB Standard Time)
[debug] [2018-03-22T13:48:09.529Z] <<< HTTP RESPONSE 200
[debug] [2018-03-22T13:48:09.529Z] [rules] created ruleset projects/deroude-f88af/rulesets/5775c40a-12d9-4856-b19b-58e9608d556f
[debug] [2018-03-22T13:48:09.583Z] <<< HTTP RESPONSE 200
[debug] [2018-03-22T13:48:09.584Z] Skipping existing index: {"collectionId":"skills","fields":[{"fieldPath":"category","mode":"ASCENDING"},{"fieldPath":"skill","mode":"DESCENDING"}]}
[info] i  hosting: preparing dist directory for upload...
[debug] [2018-03-22T13:48:09.802Z] >>> HTTP REQUEST PUT https://deploy.firebase.com/v1/hosting/deroude-f88af/uploads/-L8Cxs4THT8HuGj1bZnX?fileCount=17&message=  
  
 Thu Mar 22 2018 15:48:09 GMT+0200 (GTB Standard Time)
